#
# There is insufficient memory for the Java Runtime Environment to continue.
# Native memory allocation (malloc) failed to allocate 939136 bytes for Chunk::new
# Possible reasons:
#   The system is out of physical RAM or swap space
#   The process is running with CompressedOops enabled, and the Java Heap may be blocking the growth of the native heap
# Possible solutions:
#   Reduce memory load on the system
#   Increase physical memory or swap space
#   Check if swap backing store is full
#   Decrease Java heap size (-Xmx/-Xms)
#   Decrease number of Java threads
#   Decrease Java thread stack sizes (-Xss)
#   Set larger code cache with -XX:ReservedCodeCacheSize=
#   JVM is running with Unscaled Compressed Oops mode in which the Java heap is
#     placed in the first 4GB address space. The Java Heap base address is the
#     maximum limit for the native heap growth. Please use -XX:HeapBaseMinAddress
#     to set the Java Heap base and to place the Java Heap above 4GB virtual address.
# This output file may be truncated or incomplete.
#
#  Out of Memory Error (allocation.cpp:389), pid=19568, tid=0x000000000000311c
#
# JRE version: OpenJDK Runtime Environment (8.0_275-b01) (build 1.8.0_275-b01)
# Java VM: OpenJDK 64-Bit Server VM (25.275-b01 mixed mode windows-amd64 compressed oops)
# Failed to write core dump. Minidumps are not enabled by default on client versions of Windows
#

---------------  T H R E A D  ---------------

Current thread (0x0000000015ce1800):  JavaThread "C2 CompilerThread0" daemon [_thread_in_native, id=12572, stack(0x00000000165a0000,0x00000000166a0000)]

Stack: [0x00000000165a0000,0x00000000166a0000]
[error occurred during error reporting (printing stack bounds), id 0xc0000005]

Native frames: (J=compiled Java code, j=interpreted, Vv=VM code, C=native code)


Current CompileTask:
C2:  23985 4122       4       java.net.URLClassLoader$1::run (5 bytes)


---------------  P R O C E S S  ---------------

Java Threads: ( => current thread )
  0x00000000172ec000 JavaThread "jar transforms Thread 92" [_thread_blocked, id=19552, stack(0x0000000024c60000,0x0000000024d60000)]
  0x00000000172e9800 JavaThread "jar transforms Thread 91" [_thread_blocked, id=13664, stack(0x0000000024b60000,0x0000000024c60000)]
  0x00000000172ec800 JavaThread "jar transforms Thread 90" [_thread_blocked, id=1764, stack(0x0000000024a60000,0x0000000024b60000)]
  0x00000000172e6800 JavaThread "jar transforms Thread 89" [_thread_blocked, id=888, stack(0x0000000024960000,0x0000000024a60000)]
  0x000000001b596800 JavaThread "jar transforms Thread 88" [_thread_blocked, id=21148, stack(0x0000000024860000,0x0000000024960000)]
  0x000000001b596000 JavaThread "jar transforms Thread 87" [_thread_blocked, id=9728, stack(0x0000000024760000,0x0000000024860000)]
  0x000000001b595000 JavaThread "jar transforms Thread 86" [_thread_blocked, id=17740, stack(0x0000000024660000,0x0000000024760000)]
  0x000000001b594800 JavaThread "jar transforms Thread 85" [_thread_blocked, id=14884, stack(0x0000000024560000,0x0000000024660000)]
  0x000000001b597800 JavaThread "jar transforms Thread 84" [_thread_blocked, id=22208, stack(0x0000000024460000,0x0000000024560000)]
  0x000000001b593800 JavaThread "jar transforms Thread 83" [_thread_blocked, id=4840, stack(0x0000000024360000,0x0000000024460000)]
  0x000000001b59a800 JavaThread "jar transforms Thread 82" [_thread_blocked, id=11480, stack(0x0000000024260000,0x0000000024360000)]
  0x000000001b59a000 JavaThread "jar transforms Thread 81" [_thread_blocked, id=17316, stack(0x0000000024160000,0x0000000024260000)]
  0x000000001b599000 JavaThread "jar transforms Thread 80" [_thread_blocked, id=4296, stack(0x0000000024060000,0x0000000024160000)]
  0x000000001b598800 JavaThread "jar transforms Thread 79" [_thread_blocked, id=13096, stack(0x0000000023f60000,0x0000000024060000)]
  0x000000001b58b800 JavaThread "jar transforms Thread 78" [_thread_blocked, id=17612, stack(0x0000000023e60000,0x0000000023f60000)]
  0x000000001b58f800 JavaThread "jar transforms Thread 77" [_thread_blocked, id=20212, stack(0x0000000023d60000,0x0000000023e60000)]
  0x000000001b593000 JavaThread "jar transforms Thread 76" [_thread_blocked, id=21588, stack(0x0000000023c60000,0x0000000023d60000)]
  0x000000001b58f000 JavaThread "jar transforms Thread 75" [_thread_blocked, id=4132, stack(0x0000000023b60000,0x0000000023c60000)]
  0x000000001b592000 JavaThread "jar transforms Thread 74" [_thread_blocked, id=5160, stack(0x0000000023a60000,0x0000000023b60000)]
  0x000000001b58e000 JavaThread "jar transforms Thread 73" [_thread_blocked, id=20688, stack(0x0000000023960000,0x0000000023a60000)]
  0x000000001b591000 JavaThread "jar transforms Thread 72" [_thread_blocked, id=14112, stack(0x0000000023860000,0x0000000023960000)]
  0x000000001b58c800 JavaThread "jar transforms Thread 71" [_thread_blocked, id=9240, stack(0x0000000023760000,0x0000000023860000)]
  0x000000001b58d800 JavaThread "jar transforms Thread 70" [_thread_blocked, id=9428, stack(0x0000000023660000,0x0000000023760000)]
  0x000000001b590800 JavaThread "jar transforms Thread 69" [_thread_blocked, id=14152, stack(0x0000000023560000,0x0000000023660000)]
  0x000000001c7b8000 JavaThread "jar transforms Thread 68" [_thread_blocked, id=16648, stack(0x0000000023460000,0x0000000023560000)]
  0x000000001c7b6000 JavaThread "jar transforms Thread 67" [_thread_blocked, id=7020, stack(0x0000000023360000,0x0000000023460000)]
  0x000000001c7b5800 JavaThread "jar transforms Thread 66" [_thread_blocked, id=396, stack(0x0000000023260000,0x0000000023360000)]
  0x000000001c7b4800 JavaThread "jar transforms Thread 65" [_thread_blocked, id=2728, stack(0x0000000023160000,0x0000000023260000)]
  0x000000001c7b7000 JavaThread "jar transforms Thread 64" [_thread_blocked, id=6708, stack(0x0000000023060000,0x0000000023160000)]
  0x000000001c7b4000 JavaThread "jar transforms Thread 63" [_thread_blocked, id=12612, stack(0x0000000022f60000,0x0000000023060000)]
  0x000000001c7b3000 JavaThread "jar transforms Thread 62" [_thread_blocked, id=3216, stack(0x0000000022e60000,0x0000000022f60000)]
  0x000000001c7b2800 JavaThread "jar transforms Thread 61" [_thread_blocked, id=1336, stack(0x0000000022d60000,0x0000000022e60000)]
  0x000000001c7b1800 JavaThread "jar transforms Thread 60" [_thread_blocked, id=22168, stack(0x0000000022c60000,0x0000000022d60000)]
  0x000000001c7a9800 JavaThread "jar transforms Thread 59" [_thread_blocked, id=14852, stack(0x0000000022b60000,0x0000000022c60000)]
  0x000000001c7ae800 JavaThread "jar transforms Thread 58" [_thread_blocked, id=9744, stack(0x0000000022a60000,0x0000000022b60000)]
  0x000000001c7ac000 JavaThread "jar transforms Thread 57" [_thread_blocked, id=6924, stack(0x0000000022960000,0x0000000022a60000)]
  0x000000001c7ad800 JavaThread "jar transforms Thread 56" [_thread_blocked, id=10032, stack(0x0000000022860000,0x0000000022960000)]
  0x000000001c7ad000 JavaThread "jar transforms Thread 55" [_thread_blocked, id=18668, stack(0x0000000022760000,0x0000000022860000)]
  0x000000001c7b0800 JavaThread "jar transforms Thread 54" [_thread_blocked, id=2820, stack(0x0000000022660000,0x0000000022760000)]
  0x000000001c7ab000 JavaThread "jar transforms Thread 53" [_thread_blocked, id=2948, stack(0x0000000022560000,0x0000000022660000)]
  0x000000001c7aa800 JavaThread "jar transforms Thread 52" [_thread_blocked, id=20728, stack(0x0000000022360000,0x0000000022460000)]
  0x000000001c7a9000 JavaThread "jar transforms Thread 51" [_thread_blocked, id=2196, stack(0x0000000022260000,0x0000000022360000)]
  0x000000001c7af000 JavaThread "jar transforms Thread 50" [_thread_blocked, id=4124, stack(0x0000000022160000,0x0000000022260000)]
  0x000000001c7b0000 JavaThread "jar transforms Thread 49" [_thread_blocked, id=21632, stack(0x0000000022060000,0x0000000022160000)]
  0x000000001bb0f800 JavaThread "jar transforms Thread 48" [_thread_blocked, id=4036, stack(0x0000000021f60000,0x0000000022060000)]
  0x000000001bb0d000 JavaThread "jar transforms Thread 47" [_thread_blocked, id=18296, stack(0x0000000021e60000,0x0000000021f60000)]
  0x000000001bb0a000 JavaThread "jar transforms Thread 46" [_thread_blocked, id=14148, stack(0x0000000021d60000,0x0000000021e60000)]
  0x000000001bb0c800 JavaThread "jar transforms Thread 45" [_thread_blocked, id=20220, stack(0x0000000021c60000,0x0000000021d60000)]
  0x000000001bb0f000 JavaThread "jar transforms Thread 44" [_thread_blocked, id=18780, stack(0x0000000021b60000,0x0000000021c60000)]
  0x000000001bb0b000 JavaThread "jar transforms Thread 43" [_thread_blocked, id=20804, stack(0x0000000021a60000,0x0000000021b60000)]
  0x000000001bb09800 JavaThread "jar transforms Thread 42" [_thread_blocked, id=6408, stack(0x0000000021960000,0x0000000021a60000)]
  0x000000001bb0b800 JavaThread "jar transforms Thread 41" [_thread_blocked, id=13252, stack(0x0000000021860000,0x0000000021960000)]
  0x000000001bb0e000 JavaThread "jar transforms Thread 40" [_thread_blocked, id=21624, stack(0x0000000021760000,0x0000000021860000)]
  0x000000001bb04000 JavaThread "jar transforms Thread 39" [_thread_blocked, id=6336, stack(0x0000000021660000,0x0000000021760000)]
  0x000000001bb03000 JavaThread "jar transforms Thread 38" [_thread_blocked, id=17840, stack(0x0000000021560000,0x0000000021660000)]
  0x000000001bb08800 JavaThread "jar transforms Thread 37" [_thread_blocked, id=21720, stack(0x0000000021460000,0x0000000021560000)]
  0x000000001bb07000 JavaThread "jar transforms Thread 36" [_thread_blocked, id=8904, stack(0x0000000021360000,0x0000000021460000)]
  0x000000001bb01800 JavaThread "jar transforms Thread 35" [_thread_blocked, id=15936, stack(0x0000000021260000,0x0000000021360000)]
  0x000000001bb06000 JavaThread "jar transforms Thread 34" [_thread_blocked, id=17700, stack(0x0000000021160000,0x0000000021260000)]
  0x000000001bb05800 JavaThread "jar transforms Thread 33" [_thread_blocked, id=1120, stack(0x0000000021060000,0x0000000021160000)]
  0x000000001bb00800 JavaThread "jar transforms Thread 32" [_thread_blocked, id=13272, stack(0x0000000020f60000,0x0000000021060000)]
  0x000000001bb08000 JavaThread "jar transforms Thread 31" [_thread_blocked, id=8316, stack(0x0000000020e60000,0x0000000020f60000)]
  0x000000001bb04800 JavaThread "jar transforms Thread 30" [_thread_blocked, id=17756, stack(0x0000000020d60000,0x0000000020e60000)]
  0x000000001bb02800 JavaThread "jar transforms Thread 29" [_thread_blocked, id=10944, stack(0x0000000020c60000,0x0000000020d60000)]
  0x000000001b3b2800 JavaThread "jar transforms Thread 28" [_thread_blocked, id=15584, stack(0x0000000020b60000,0x0000000020c60000)]
  0x000000001b3b1800 JavaThread "jar transforms Thread 27" [_thread_blocked, id=16284, stack(0x0000000020a60000,0x0000000020b60000)]
  0x000000001b3b1000 JavaThread "jar transforms Thread 26" [_thread_blocked, id=2564, stack(0x0000000020960000,0x0000000020a60000)]
  0x000000001b3b0000 JavaThread "jar transforms Thread 25" [_thread_blocked, id=19804, stack(0x0000000020860000,0x0000000020960000)]
  0x000000001b3af800 JavaThread "jar transforms Thread 24" [_thread_blocked, id=10936, stack(0x0000000020760000,0x0000000020860000)]
  0x000000001b3ae800 JavaThread "jar transforms Thread 23" [_thread_blocked, id=16220, stack(0x0000000020660000,0x0000000020760000)]
  0x000000001b3ae000 JavaThread "jar transforms Thread 22" [_thread_blocked, id=8636, stack(0x0000000020560000,0x0000000020660000)]
  0x000000001b3b3800 JavaThread "jar transforms Thread 21" [_thread_blocked, id=11520, stack(0x0000000020460000,0x0000000020560000)]
  0x000000001b3ad000 JavaThread "jar transforms Thread 20" [_thread_blocked, id=1924, stack(0x0000000020360000,0x0000000020460000)]
  0x000000001b3b4000 JavaThread "jar transforms Thread 19" [_thread_blocked, id=5432, stack(0x0000000020260000,0x0000000020360000)]
  0x000000001b3a5000 JavaThread "jar transforms Thread 18" [_thread_blocked, id=3556, stack(0x0000000020160000,0x0000000020260000)]
  0x000000001b3ac000 JavaThread "jar transforms Thread 17" [_thread_blocked, id=13172, stack(0x0000000020060000,0x0000000020160000)]
  0x000000001b3aa800 JavaThread "jar transforms Thread 16" [_thread_blocked, id=22312, stack(0x000000001ff60000,0x0000000020060000)]
  0x000000001b3a6800 JavaThread "jar transforms Thread 15" [_thread_blocked, id=13100, stack(0x000000001fe60000,0x000000001ff60000)]
  0x000000001b3a8800 JavaThread "jar transforms Thread 14" [_thread_blocked, id=11140, stack(0x000000001fd60000,0x000000001fe60000)]
  0x000000001b3a6000 JavaThread "jar transforms Thread 13" [_thread_blocked, id=16764, stack(0x000000001fc60000,0x000000001fd60000)]
  0x000000001b3ab800 JavaThread "jar transforms Thread 12" [_thread_blocked, id=15060, stack(0x000000001fb60000,0x000000001fc60000)]
  0x000000001b3a7800 JavaThread "jar transforms Thread 11" [_thread_blocked, id=1308, stack(0x000000001fa60000,0x000000001fb60000)]
  0x000000001b3a9000 JavaThread "jar transforms Thread 10" [_thread_blocked, id=17128, stack(0x000000001f960000,0x000000001fa60000)]
  0x000000001b3aa000 JavaThread "jar transforms Thread 9" [_thread_blocked, id=13880, stack(0x000000001f860000,0x000000001f960000)]
  0x000000001b542800 JavaThread "jar transforms Thread 8" [_thread_blocked, id=2428, stack(0x000000001f760000,0x000000001f860000)]
  0x000000001b541800 JavaThread "jar transforms Thread 7" [_thread_blocked, id=1504, stack(0x000000001f660000,0x000000001f760000)]
  0x000000001b541000 JavaThread "jar transforms Thread 6" [_thread_blocked, id=18312, stack(0x000000001f560000,0x000000001f660000)]
  0x000000001b53f000 JavaThread "jar transforms Thread 5" [_thread_blocked, id=21176, stack(0x000000001f460000,0x000000001f560000)]
  0x000000001b540000 JavaThread "jar transforms Thread 4" [_thread_blocked, id=13840, stack(0x000000001f360000,0x000000001f460000)]
  0x000000001b53e800 JavaThread "jar transforms Thread 3" [_thread_blocked, id=7832, stack(0x000000001f260000,0x000000001f360000)]
  0x000000001b536800 JavaThread "jar transforms Thread 2" [_thread_blocked, id=8784, stack(0x000000001f160000,0x000000001f260000)]
  0x000000001b53d800 JavaThread "Build operations Thread 8" [_thread_blocked, id=4772, stack(0x000000001f060000,0x000000001f160000)]
  0x000000001b536000 JavaThread "Build operations Thread 7" [_thread_blocked, id=15152, stack(0x000000001ef60000,0x000000001f060000)]
  0x000000001b53b800 JavaThread "Build operations Thread 6" [_thread_blocked, id=21036, stack(0x000000001ee60000,0x000000001ef60000)]
  0x000000001b53d000 JavaThread "Build operations Thread 5" [_thread_blocked, id=1436, stack(0x000000001ed60000,0x000000001ee60000)]
  0x000000001b537800 JavaThread "Build operations Thread 4" [_thread_blocked, id=1252, stack(0x000000001ec60000,0x000000001ed60000)]
  0x000000001b53a800 JavaThread "Build operations Thread 3" [_thread_blocked, id=7824, stack(0x000000001eb60000,0x000000001ec60000)]
  0x000000001b539800 JavaThread "Build operations Thread 2" [_thread_blocked, id=19780, stack(0x000000001ea60000,0x000000001eb60000)]
  0x000000001b535000 JavaThread "Build operations" [_thread_blocked, id=3260, stack(0x000000001e960000,0x000000001ea60000)]
  0x000000001b539000 JavaThread "Cache worker for Build Output Cleanup Cache (D:\ComicClient\Client\android\.gradle\buildOutputCleanup)" [_thread_blocked, id=12812, stack(0x000000001e660000,0x000000001e760000)]
  0x0000000016c4d800 JavaThread "Cache worker for file content cache (C:\Users\ASUS\.gradle\caches\6.7\fileContent)" [_thread_blocked, id=14668, stack(0x000000001df60000,0x000000001e060000)]
  0x0000000016c54800 JavaThread "jar transforms" [_thread_blocked, id=17684, stack(0x000000001de60000,0x000000001df60000)]
  0x0000000016c53000 JavaThread "Cache worker for execution history cache (C:\Users\ASUS\.gradle\caches\6.7\executionHistory)" [_thread_blocked, id=10092, stack(0x000000001d760000,0x000000001d860000)]
  0x0000000016c4e800 JavaThread "Cache worker for cache directory md-rule (C:\Users\ASUS\.gradle\caches\6.7\md-rule)" [_thread_blocked, id=8600, stack(0x000000001d660000,0x000000001d760000)]
  0x0000000016c54000 JavaThread "Cache worker for cache directory md-supplier (C:\Users\ASUS\.gradle\caches\6.7\md-supplier)" [_thread_blocked, id=20892, stack(0x000000001d560000,0x000000001d660000)]
  0x0000000016c52800 JavaThread "Cache worker for checksums cache (D:\ComicClient\Client\android\.gradle\checksums)" [_thread_blocked, id=20736, stack(0x000000001d260000,0x000000001d360000)]
  0x0000000016c50000 JavaThread "Cache worker for file hash cache (D:\ComicClient\Client\android\.gradle\6.7\fileHashes)" [_thread_blocked, id=1788, stack(0x000000001d160000,0x000000001d260000)]
  0x0000000016c51000 JavaThread "Cache worker for journal cache (C:\Users\ASUS\.gradle\caches\journal-1)" [_thread_blocked, id=21192, stack(0x000000001acc0000,0x000000001adc0000)]
  0x0000000016c4f000 JavaThread "File lock request listener" [_thread_in_native, id=17520, stack(0x000000001abc0000,0x000000001acc0000)]
  0x0000000016c51800 JavaThread "Cache worker for file hash cache (C:\Users\ASUS\.gradle\caches\6.7\fileHashes)" [_thread_blocked, id=3508, stack(0x000000001aac0000,0x000000001abc0000)]
  0x0000000015f42000 JavaThread "Thread-9" [_thread_blocked, id=18336, stack(0x00000000197f0000,0x00000000198f0000)]
  0x0000000017a46000 JavaThread "Stdin handler" [_thread_blocked, id=16888, stack(0x00000000196f0000,0x00000000197f0000)]
  0x00000000182ce800 JavaThread "Asynchronous log dispatcher for DefaultDaemonConnection: socket connection from /127.0.0.1:56275 to /127.0.0.1:56276" [_thread_blocked, id=16500, stack(0x00000000195f0000,0x00000000196f0000)]
  0x0000000015f82800 JavaThread "Daemon worker" [_thread_in_native, id=17468, stack(0x00000000194f0000,0x00000000195f0000)]
  0x0000000015f7f800 JavaThread "Cancel handler" [_thread_blocked, id=14408, stack(0x00000000192f0000,0x00000000193f0000)]
  0x000000001734c800 JavaThread "Handler for socket connection from /127.0.0.1:56275 to /127.0.0.1:56276" [_thread_in_native, id=16944, stack(0x0000000018ff0000,0x00000000190f0000)]
  0x00000000182f4800 JavaThread "Daemon" [_thread_blocked, id=11680, stack(0x0000000018ef0000,0x0000000018ff0000)]
  0x0000000017349000 JavaThread "Daemon periodic checks" [_thread_blocked, id=6656, stack(0x0000000018df0000,0x0000000018ef0000)]
  0x00000000171ef800 JavaThread "Incoming local TCP Connector on port 56275" [_thread_in_native, id=15576, stack(0x0000000018bb0000,0x0000000018cb0000)]
  0x000000001825b000 JavaThread "Daemon health stats" [_thread_blocked, id=9672, stack(0x0000000018570000,0x0000000018670000)]
  0x0000000015d6b000 JavaThread "Service Thread" daemon [_thread_blocked, id=20232, stack(0x00000000169a0000,0x0000000016aa0000)]
  0x0000000015cee000 JavaThread "C1 CompilerThread3" daemon [_thread_blocked, id=6428, stack(0x00000000168a0000,0x00000000169a0000)]
  0x0000000015ce5000 JavaThread "C2 CompilerThread2" daemon [_thread_blocked, id=2492, stack(0x00000000167a0000,0x00000000168a0000)]
  0x0000000015ce4800 JavaThread "C2 CompilerThread1" daemon [_thread_blocked, id=14880, stack(0x00000000166a0000,0x00000000167a0000)]
=>0x0000000015ce1800 JavaThread "C2 CompilerThread0" daemon [_thread_in_native, id=12572, stack(0x00000000165a0000,0x00000000166a0000)]
  0x0000000015cd5000 JavaThread "Attach Listener" daemon [_thread_blocked, id=3100, stack(0x00000000164a0000,0x00000000165a0000)]
  0x0000000015cd4000 JavaThread "Signal Dispatcher" daemon [_thread_blocked, id=6632, stack(0x00000000163a0000,0x00000000164a0000)]
  0x000000000266a800 JavaThread "Finalizer" daemon [_thread_blocked, id=19976, stack(0x00000000161a0000,0x00000000162a0000)]
  0x0000000015cc0800 JavaThread "Reference Handler" daemon [_thread_blocked, id=8144, stack(0x00000000160a0000,0x00000000161a0000)]
  0x0000000002574800 JavaThread "main" [_thread_blocked, id=14436, stack(0x0000000002470000,0x0000000002570000)]

Other Threads:
  0x0000000013ed7800 VMThread [stack: 0x0000000015ba0000,0x0000000015ca0000] [id=1568]
  0x0000000015d6c000 WatcherThread [stack: 0x0000000016aa0000,0x0000000016ba0000] [id=15852]

VM state:not at safepoint (normal execution)

VM Mutex/Monitor currently owned by a thread: None

heap address: 0x00000000e0000000, size: 512 MB, Compressed Oops mode: 32-bit
Narrow klass base: 0x0000000000000000, Narrow klass shift: 3
Compressed class space size: 1073741824 Address: 0x0000000100000000

Heap:
 PSYoungGen      total 113152K, used 25851K [0x00000000f5580000, 0x00000000fd280000, 0x0000000100000000)
  eden space 102912K, 19% used [0x00000000f5580000,0x00000000f68f6260,0x00000000fba00000)
  from space 10240K, 57% used [0x00000000fc880000,0x00000000fce48ae8,0x00000000fd280000)
  to   space 12288K, 0% used [0x00000000fba80000,0x00000000fba80000,0x00000000fc680000)
 ParOldGen       total 175104K, used 16382K [0x00000000e0000000, 0x00000000eab00000, 0x00000000f5580000)
  object space 175104K, 9% used [0x00000000e0000000,0x00000000e0fff980,0x00000000eab00000)
 Metaspace       used 38727K, capacity 40446K, committed 40704K, reserved 1083392K
  class space    used 5448K, capacity 5874K, committed 5888K, reserved 1048576K

Card table byte_map: [0x0000000011a30000,0x0000000011b40000] byte_map_base: 0x0000000011330000

Marking Bits: (ParMarkBitMap*) 0x00000000630023c0
 Begin Bits: [0x00000000123f0000, 0x0000000012bf0000)
 End Bits:   [0x0000000012bf0000, 0x00000000133f0000)

Polling page: 0x0000000000be0000

CodeCache: size=245760Kb used=12897Kb max_used=12899Kb free=232862Kb
 bounds [0x0000000002670000, 0x0000000003320000, 0x0000000011670000]
 total_blobs=4554 nmethods=3828 adapters=639
 compilation: enabled

Compilation events (10 events):
Event: 23.956 Thread 0x0000000015cee000 4138       3       kotlin.jvm.internal.Intrinsics::checkParameterIsNotNull (9 bytes)
Event: 23.956 Thread 0x0000000015cee000 nmethod 4138 0x00000000033089d0 code [0x0000000003308b40, 0x0000000003308ce8]
Event: 23.965 Thread 0x0000000015cee000 4139       1       com.android.build.gradle.options.Stage::getStatus (5 bytes)
Event: 23.965 Thread 0x0000000015cee000 nmethod 4139 0x0000000003308710 code [0x0000000003308860, 0x0000000003308970]
Event: 23.970 Thread 0x0000000015ce5000 4140       4       sun.misc.URLClassPath$JarLoader::findResource (18 bytes)
Event: 23.971 Thread 0x0000000015ce5000 nmethod 4140 0x0000000003305810 code [0x0000000003305960, 0x00000000033059e8]
Event: 23.972 Thread 0x0000000015cee000 4141       3       com.google.common.collect.MapMakerInternalMap$Segment::getEntry (80 bytes)
Event: 23.974 Thread 0x0000000015cee000 nmethod 4141 0x00000000033069d0 code [0x0000000003306c40, 0x0000000003307fc8]
Event: 23.977 Thread 0x0000000015cee000 4142   !   3       com.google.common.collect.MapMakerInternalMap$Segment::runLockedCleanup (34 bytes)
Event: 23.977 Thread 0x0000000015cee000 nmethod 4142 0x0000000003305d10 code [0x0000000003305ec0, 0x0000000003306718]

GC Heap History (10 events):
Event: 12.720 GC heap before
{Heap before GC invocations=6 (full 1):
 PSYoungGen      total 76288K, used 65536K [0x00000000f5580000, 0x00000000faa80000, 0x0000000100000000)
  eden space 65536K, 100% used [0x00000000f5580000,0x00000000f9580000,0x00000000f9580000)
  from space 10752K, 0% used [0x00000000fa000000,0x00000000fa000000,0x00000000faa80000)
  to   space 10752K, 0% used [0x00000000f9580000,0x00000000f9580000,0x00000000fa000000)
 ParOldGen       total 175104K, used 8138K [0x00000000e0000000, 0x00000000eab00000, 0x00000000f5580000)
  object space 175104K, 4% used [0x00000000e0000000,0x00000000e07f2860,0x00000000eab00000)
 Metaspace       used 28471K, capacity 29338K, committed 29440K, reserved 1075200K
  class space    used 4098K, capacity 4309K, committed 4352K, reserved 1048576K
Event: 12.731 GC heap after
Heap after GC invocations=6 (full 1):
 PSYoungGen      total 76288K, used 8252K [0x00000000f5580000, 0x00000000fd400000, 0x0000000100000000)
  eden space 65536K, 0% used [0x00000000f5580000,0x00000000f5580000,0x00000000f9580000)
  from space 10752K, 76% used [0x00000000f9580000,0x00000000f9d8f250,0x00000000fa000000)
  to   space 11776K, 0% used [0x00000000fc880000,0x00000000fc880000,0x00000000fd400000)
 ParOldGen       total 175104K, used 8146K [0x00000000e0000000, 0x00000000eab00000, 0x00000000f5580000)
  object space 175104K, 4% used [0x00000000e0000000,0x00000000e07f4860,0x00000000eab00000)
 Metaspace       used 28471K, capacity 29338K, committed 29440K, reserved 1075200K
  class space    used 4098K, capacity 4309K, committed 4352K, reserved 1048576K
}
Event: 19.874 GC heap before
{Heap before GC invocations=7 (full 1):
 PSYoungGen      total 76288K, used 73788K [0x00000000f5580000, 0x00000000fd400000, 0x0000000100000000)
  eden space 65536K, 100% used [0x00000000f5580000,0x00000000f9580000,0x00000000f9580000)
  from space 10752K, 76% used [0x00000000f9580000,0x00000000f9d8f250,0x00000000fa000000)
  to   space 11776K, 0% used [0x00000000fc880000,0x00000000fc880000,0x00000000fd400000)
 ParOldGen       total 175104K, used 8146K [0x00000000e0000000, 0x00000000eab00000, 0x00000000f5580000)
  object space 175104K, 4% used [0x00000000e0000000,0x00000000e07f4860,0x00000000eab00000)
 Metaspace       used 32749K, capacity 33740K, committed 33920K, reserved 1079296K
  class space    used 4647K, capacity 4923K, committed 4992K, reserved 1048576K
Event: 19.893 GC heap after
Heap after GC invocations=7 (full 1):
 PSYoungGen      total 113152K, used 10160K [0x00000000f5580000, 0x00000000fd280000, 0x0000000100000000)
  eden space 102912K, 0% used [0x00000000f5580000,0x00000000f5580000,0x00000000fba00000)
  from space 10240K, 99% used [0x00000000fc880000,0x00000000fd26c218,0x00000000fd280000)
  to   space 12288K, 0% used [0x00000000fba80000,0x00000000fba80000,0x00000000fc680000)
 ParOldGen       total 175104K, used 8154K [0x00000000e0000000, 0x00000000eab00000, 0x00000000f5580000)
  object space 175104K, 4% used [0x00000000e0000000,0x00000000e07f6860,0x00000000eab00000)
 Metaspace       used 32749K, capacity 33740K, committed 33920K, reserved 1079296K
  class space    used 4647K, capacity 4923K, committed 4992K, reserved 1048576K
}
Event: 20.782 GC heap before
{Heap before GC invocations=8 (full 1):
 PSYoungGen      total 113152K, used 44077K [0x00000000f5580000, 0x00000000fd280000, 0x0000000100000000)
  eden space 102912K, 32% used [0x00000000f5580000,0x00000000f769f300,0x00000000fba00000)
  from space 10240K, 99% used [0x00000000fc880000,0x00000000fd26c218,0x00000000fd280000)
  to   space 12288K, 0% used [0x00000000fba80000,0x00000000fba80000,0x00000000fc680000)
 ParOldGen       total 175104K, used 8154K [0x00000000e0000000, 0x00000000eab00000, 0x00000000f5580000)
  object space 175104K, 4% used [0x00000000e0000000,0x00000000e07f6860,0x00000000eab00000)
 Metaspace       used 34277K, capacity 35460K, committed 35496K, reserved 1079296K
  class space    used 4799K, capacity 5106K, committed 5120K, reserved 1048576K
Event: 20.822 GC heap after
Heap after GC invocations=8 (full 1):
 PSYoungGen      total 115200K, used 9676K [0x00000000f5580000, 0x00000000fd280000, 0x0000000100000000)
  eden space 102912K, 0% used [0x00000000f5580000,0x00000000f5580000,0x00000000fba00000)
  from space 12288K, 78% used [0x00000000fba80000,0x00000000fc3f33c8,0x00000000fc680000)
  to   space 10240K, 0% used [0x00000000fc880000,0x00000000fc880000,0x00000000fd280000)
 ParOldGen       total 175104K, used 8162K [0x00000000e0000000, 0x00000000eab00000, 0x00000000f5580000)
  object space 175104K, 4% used [0x00000000e0000000,0x00000000e07f8860,0x00000000eab00000)
 Metaspace       used 34277K, capacity 35460K, committed 35496K, reserved 1079296K
  class space    used 4799K, capacity 5106K, committed 5120K, reserved 1048576K
}
Event: 20.822 GC heap before
{Heap before GC invocations=9 (full 2):
 PSYoungGen      total 115200K, used 9676K [0x00000000f5580000, 0x00000000fd280000, 0x0000000100000000)
  eden space 102912K, 0% used [0x00000000f5580000,0x00000000f5580000,0x00000000fba00000)
  from space 12288K, 78% used [0x00000000fba80000,0x00000000fc3f33c8,0x00000000fc680000)
  to   space 10240K, 0% used [0x00000000fc880000,0x00000000fc880000,0x00000000fd280000)
 ParOldGen       total 175104K, used 8162K [0x00000000e0000000, 0x00000000eab00000, 0x00000000f5580000)
  object space 175104K, 4% used [0x00000000e0000000,0x00000000e07f8860,0x00000000eab00000)
 Metaspace       used 34277K, capacity 35460K, committed 35496K, reserved 1079296K
  class space    used 4799K, capacity 5106K, committed 5120K, reserved 1048576K
Event: 20.992 GC heap after
Heap after GC invocations=9 (full 2):
 PSYoungGen      total 115200K, used 0K [0x00000000f5580000, 0x00000000fd280000, 0x0000000100000000)
  eden space 102912K, 0% used [0x00000000f5580000,0x00000000f5580000,0x00000000fba00000)
  from space 12288K, 0% used [0x00000000fba80000,0x00000000fba80000,0x00000000fc680000)
  to   space 10240K, 0% used [0x00000000fc880000,0x00000000fc880000,0x00000000fd280000)
 ParOldGen       total 175104K, used 16374K [0x00000000e0000000, 0x00000000eab00000, 0x00000000f5580000)
  object space 175104K, 9% used [0x00000000e0000000,0x00000000e0ffd980,0x00000000eab00000)
 Metaspace       used 34277K, capacity 35460K, committed 35496K, reserved 1079296K
  class space    used 4799K, capacity 5106K, committed 5120K, reserved 1048576K
}
Event: 23.197 GC heap before
{Heap before GC invocations=10 (full 2):
 PSYoungGen      total 115200K, used 102912K [0x00000000f5580000, 0x00000000fd280000, 0x0000000100000000)
  eden space 102912K, 100% used [0x00000000f5580000,0x00000000fba00000,0x00000000fba00000)
  from space 12288K, 0% used [0x00000000fba80000,0x00000000fba80000,0x00000000fc680000)
  to   space 10240K, 0% used [0x00000000fc880000,0x00000000fc880000,0x00000000fd280000)
 ParOldGen       total 175104K, used 16374K [0x00000000e0000000, 0x00000000eab00000, 0x00000000f5580000)
  object space 175104K, 9% used [0x00000000e0000000,0x00000000e0ffd980,0x00000000eab00000)
 Metaspace       used 37806K, capacity 39434K, committed 39552K, reserved 1083392K
  class space    used 5311K, capacity 5690K, committed 5760K, reserved 1048576K
Event: 23.212 GC heap after
Heap after GC invocations=10 (full 2):
 PSYoungGen      total 113152K, used 5922K [0x00000000f5580000, 0x00000000fd280000, 0x0000000100000000)
  eden space 102912K, 0% used [0x00000000f5580000,0x00000000f5580000,0x00000000fba00000)
  from space 10240K, 57% used [0x00000000fc880000,0x00000000fce48ae8,0x00000000fd280000)
  to   space 12288K, 0% used [0x00000000fba80000,0x00000000fba80000,0x00000000fc680000)
 ParOldGen       total 175104K, used 16382K [0x00000000e0000000, 0x00000000eab00000, 0x00000000f5580000)
  object space 175104K, 9% used [0x00000000e0000000,0x00000000e0fff980,0x00000000eab00000)
 Metaspace       used 37806K, capacity 39434K, committed 39552K, reserved 1083392K
  class space    used 5311K, capacity 5690K, committed 5760K, reserved 1048576K
}

Deoptimization events (10 events):
Event: 22.449 Thread 0x000000001b53d000 Uncommon trap: reason=class_check action=maybe_recompile pc=0x0000000002aa75e8 method=java.util.concurrent.ConcurrentHashMap.putVal(Ljava/lang/Object;Ljava/lang/Object;Z)Ljava/lang/Object; @ 192
Event: 22.449 Thread 0x000000001b53a800 Uncommon trap: reason=class_check action=maybe_recompile pc=0x0000000002aa75e8 method=java.util.concurrent.ConcurrentHashMap.putVal(Ljava/lang/Object;Ljava/lang/Object;Z)Ljava/lang/Object; @ 192
Event: 22.449 Thread 0x000000001b539800 Uncommon trap: reason=class_check action=maybe_recompile pc=0x0000000002aa75e8 method=java.util.concurrent.ConcurrentHashMap.putVal(Ljava/lang/Object;Ljava/lang/Object;Z)Ljava/lang/Object; @ 192
Event: 22.948 Thread 0x000000001b540000 Uncommon trap: reason=unstable_if action=reinterpret pc=0x0000000003234adc method=java.util.concurrent.SynchronousQueue$TransferStack.shouldSpin(Ljava/util/concurrent/SynchronousQueue$TransferStack$SNode;)Z @ 7
Event: 23.258 Thread 0x0000000015f82800 Uncommon trap: reason=unstable_if action=reinterpret pc=0x00000000029fa48c method=java.util.jar.JarFile.match([C[B[I[I)Z @ 29
Event: 23.716 Thread 0x0000000015f82800 Uncommon trap: reason=unstable_if action=reinterpret pc=0x0000000002950414 method=java.util.jar.Manifest$FastInputStream.readLine([BII)I @ 87
Event: 23.716 Thread 0x0000000015f82800 Uncommon trap: reason=bimorphic action=maybe_recompile pc=0x0000000002d4756c method=java.lang.ClassLoader.getPackage(Ljava/lang/String;)Ljava/lang/Package; @ 47
Event: 23.716 Thread 0x0000000015f82800 Uncommon trap: reason=bimorphic action=maybe_recompile pc=0x0000000002d4756c method=java.lang.ClassLoader.getPackage(Ljava/lang/String;)Ljava/lang/Package; @ 47
Event: 23.716 Thread 0x0000000015f82800 Uncommon trap: reason=bimorphic action=maybe_recompile pc=0x0000000002d4756c method=java.lang.ClassLoader.getPackage(Ljava/lang/String;)Ljava/lang/Package; @ 47
Event: 23.716 Thread 0x0000000015f82800 Uncommon trap: reason=bimorphic action=maybe_recompile pc=0x0000000002d4756c method=java.lang.ClassLoader.getPackage(Ljava/lang/String;)Ljava/lang/Package; @ 47

Classes redefined (0 events):
No events

Internal exceptions (10 events):
Event: 23.461 Thread 0x0000000015f82800 Exception <a 'java/lang/ClassNotFoundException': org/gradle/api/internal/artifacts/repositories/AbstractAuthenticationSupportedRepositoryBeanInfo> (0x00000000f5b60cf8) thrown at [C:\cygwin64\tmp\build\source\java-1.8.0-openjdk\tmp\jdk8u\hotspot\src\share\
Event: 23.462 Thread 0x0000000015f82800 Exception <a 'java/lang/ClassNotFoundException': org/gradle/api/internal/artifacts/repositories/AbstractResolutionAwareArtifactRepositoryBeanInfo> (0x00000000f5bdbb30) thrown at [C:\cygwin64\tmp\build\source\java-1.8.0-openjdk\tmp\jdk8u\hotspot\src\share\
Event: 23.464 Thread 0x0000000015f82800 Exception <a 'java/lang/ClassNotFoundException': org/gradle/api/internal/artifacts/repositories/AbstractArtifactRepositoryBeanInfo> (0x00000000f5c48140) thrown at [C:\cygwin64\tmp\build\source\java-1.8.0-openjdk\tmp\jdk8u\hotspot\src\share\vm\classfile\sy
Event: 23.465 Thread 0x0000000015f82800 Exception <a 'java/lang/ClassNotFoundException': org/gradle/api/internal/artifacts/repositories/AbstractArtifactRepositoryCustomizer> (0x00000000f5cb8168) thrown at [C:\cygwin64\tmp\build\source\java-1.8.0-openjdk\tmp\jdk8u\hotspot\src\share\vm\classfile\
Event: 23.468 Thread 0x0000000015f82800 Exception <a 'java/lang/ClassNotFoundException': org/gradle/api/internal/artifacts/repositories/AbstractResolutionAwareArtifactRepositoryCustomizer> (0x00000000f5d560a0) thrown at [C:\cygwin64\tmp\build\source\java-1.8.0-openjdk\tmp\jdk8u\hotspot\src\shar
Event: 23.469 Thread 0x0000000015f82800 Exception <a 'java/lang/ClassNotFoundException': org/gradle/api/internal/artifacts/repositories/AbstractAuthenticationSupportedRepositoryCustomizer> (0x00000000f5ddafd0) thrown at [C:\cygwin64\tmp\build\source\java-1.8.0-openjdk\tmp\jdk8u\hotspot\src\shar
Event: 23.471 Thread 0x0000000015f82800 Exception <a 'java/lang/ClassNotFoundException': org/gradle/api/internal/artifacts/repositories/DefaultMavenArtifactRepositoryCustomizer> (0x00000000f5e63680) thrown at [C:\cygwin64\tmp\build\source\java-1.8.0-openjdk\tmp\jdk8u\hotspot\src\share\vm\classf
Event: 23.474 Thread 0x0000000015f82800 Exception <a 'java/lang/ClassNotFoundException': org/gradle/api/internal/artifacts/repositories/DefaultMavenArtifactRepository_DecoratedCustomizer> (0x00000000f5efed90) thrown at [C:\cygwin64\tmp\build\source\java-1.8.0-openjdk\tmp\jdk8u\hotspot\src\share
Event: 23.702 Thread 0x0000000015f82800 Exception <a 'java/lang/ClassNotFoundException': build_e5d866addyg20c1bnuf8v4ylnBeanInfo> (0x00000000f615e948) thrown at [C:\cygwin64\tmp\build\source\java-1.8.0-openjdk\tmp\jdk8u\hotspot\src\share\vm\classfile\systemDictionary.cpp, line 217]
Event: 23.703 Thread 0x0000000015f82800 Exception <a 'java/lang/ClassNotFoundException': build_e5d866addyg20c1bnuf8v4ylnCustomizer> (0x00000000f616b158) thrown at [C:\cygwin64\tmp\build\source\java-1.8.0-openjdk\tmp\jdk8u\hotspot\src\share\vm\classfile\systemDictionary.cpp, line 217]

Events (10 events):
Event: 23.969 loading class org/gradle/api/invocation/Gradle
Event: 23.969 loading class org/gradle/api/invocation/Gradle done
Event: 23.970 loading class com/android/build/gradle/AppPluginKt
Event: 23.970 loading class com/android/build/gradle/AppPluginKt done
Event: 23.972 loading class com/android/build/gradle/internal/plugins/AppPlugin
Event: 23.972 loading class com/android/build/gradle/internal/plugins/AppPlugin done
Event: 23.975 loading class com/android/build/gradle/internal/plugins/AbstractAppPlugin
Event: 23.975 loading class com/android/build/gradle/internal/plugins/AbstractAppPlugin done
Event: 23.976 loading class com/android/build/gradle/internal/plugins/BasePlugin
Event: 23.976 loading class com/android/build/gradle/internal/plugins/BasePlugin done


Dynamic libraries:
0x00007ff7bab70000 - 0x00007ff7baba5000 	C:\Program Files\OpenJDK\openjdk-8u275-b01\bin\java.exe
0x00007ff9c8b90000 - 0x00007ff9c8d85000 	C:\WINDOWS\SYSTEM32\ntdll.dll
0x00007ff9c8a30000 - 0x00007ff9c8aed000 	C:\WINDOWS\System32\KERNEL32.DLL
0x00007ff9c62d0000 - 0x00007ff9c6598000 	C:\WINDOWS\System32\KERNELBASE.dll
0x00007ff9c79c0000 - 0x00007ff9c7a6c000 	C:\WINDOWS\System32\ADVAPI32.dll
0x00007ff9c7c20000 - 0x00007ff9c7cbe000 	C:\WINDOWS\System32\msvcrt.dll
0x00007ff9c7500000 - 0x00007ff9c759b000 	C:\WINDOWS\System32\sechost.dll
0x00007ff9c71b0000 - 0x00007ff9c72db000 	C:\WINDOWS\System32\RPCRT4.dll
0x00007ff9c7a80000 - 0x00007ff9c7c20000 	C:\WINDOWS\System32\USER32.dll
0x00007ff9c6860000 - 0x00007ff9c6882000 	C:\WINDOWS\System32\win32u.dll
0x00007ff9c8b20000 - 0x00007ff9c8b4a000 	C:\WINDOWS\System32\GDI32.dll
0x00007ff9c6750000 - 0x00007ff9c685b000 	C:\WINDOWS\System32\gdi32full.dll
0x00007ff9c6630000 - 0x00007ff9c66cd000 	C:\WINDOWS\System32\msvcp_win.dll
0x00007ff9c6af0000 - 0x00007ff9c6bf0000 	C:\WINDOWS\System32\ucrtbase.dll
0x00007ff9b1b00000 - 0x00007ff9b1d9a000 	C:\WINDOWS\WinSxS\amd64_microsoft.windows.common-controls_6595b64144ccf1df_6.0.19041.844_none_ca00b6081b84eb1d\COMCTL32.dll
0x00007ff9c8af0000 - 0x00007ff9c8b20000 	C:\WINDOWS\System32\IMM32.DLL
0x0000000063090000 - 0x0000000063162000 	C:\Program Files\OpenJDK\openjdk-8u275-b01\jre\bin\msvcr100.dll
0x00000000627f0000 - 0x0000000063084000 	C:\Program Files\OpenJDK\openjdk-8u275-b01\jre\bin\server\jvm.dll
0x00007ff9c7a70000 - 0x00007ff9c7a78000 	C:\WINDOWS\System32\PSAPI.DLL
0x00007ff9bd440000 - 0x00007ff9bd467000 	C:\WINDOWS\SYSTEM32\WINMM.dll
0x00007ff9be9b0000 - 0x00007ff9be9ba000 	C:\WINDOWS\SYSTEM32\VERSION.dll
0x00007ff9ba500000 - 0x00007ff9ba509000 	C:\WINDOWS\SYSTEM32\WSOCK32.dll
0x00007ff9c7cc0000 - 0x00007ff9c7d2b000 	C:\WINDOWS\System32\WS2_32.dll
0x00007ff9c2040000 - 0x00007ff9c204f000 	C:\Program Files\OpenJDK\openjdk-8u275-b01\jre\bin\verify.dll
0x00007ff9b0290000 - 0x00007ff9b02b9000 	C:\Program Files\OpenJDK\openjdk-8u275-b01\jre\bin\java.dll
0x00007ff9c2020000 - 0x00007ff9c2036000 	C:\Program Files\OpenJDK\openjdk-8u275-b01\jre\bin\zip.dll
0x00007ff9c7d30000 - 0x00007ff9c8472000 	C:\WINDOWS\System32\SHELL32.dll
0x00007ff9c4400000 - 0x00007ff9c4b90000 	C:\WINDOWS\SYSTEM32\windows.storage.dll
0x00007ff9c6e50000 - 0x00007ff9c71a5000 	C:\WINDOWS\System32\combase.dll
0x00007ff9c5d40000 - 0x00007ff9c5d6c000 	C:\WINDOWS\SYSTEM32\Wldp.dll
0x00007ff9c75a0000 - 0x00007ff9c764e000 	C:\WINDOWS\System32\SHCORE.dll
0x00007ff9c8480000 - 0x00007ff9c84d5000 	C:\WINDOWS\System32\shlwapi.dll
0x00007ff9c6210000 - 0x00007ff9c622f000 	C:\WINDOWS\SYSTEM32\profapi.dll
0x00007ff9bfe00000 - 0x00007ff9bfe1b000 	C:\Program Files\OpenJDK\openjdk-8u275-b01\jre\bin\net.dll
0x00007ff9c5ab0000 - 0x00007ff9c5b1a000 	C:\WINDOWS\system32\mswsock.dll
0x00007ff9be100000 - 0x00007ff9be112000 	C:\Program Files\OpenJDK\openjdk-8u275-b01\jre\bin\nio.dll
0x00007ff997380000 - 0x00007ff9973a7000 	C:\Users\ASUS\.gradle\native\fdc75f09e3144964f2cf3f50f0aa648679c211496f362492102eb8c894070792\windows-amd64\native-platform.dll
0x00007ff98c810000 - 0x00007ff98c9a6000 	C:\Users\ASUS\.gradle\native\12488b8bf47d2d4c9fbf2f6322a914ad602e24e48041cd04a747c6da556b65c4\windows-amd64\native-platform-file-events.dll
0x00007ff9be090000 - 0x00007ff9be09d000 	C:\Program Files\OpenJDK\openjdk-8u275-b01\jre\bin\management.dll
0x00007ff9c5c80000 - 0x00007ff9c5c98000 	C:\WINDOWS\SYSTEM32\CRYPTSP.dll
0x00007ff9c53e0000 - 0x00007ff9c5414000 	C:\WINDOWS\system32\rsaenh.dll
0x00007ff9c6600000 - 0x00007ff9c6627000 	C:\WINDOWS\System32\bcrypt.dll
0x00007ff9c6190000 - 0x00007ff9c61be000 	C:\WINDOWS\SYSTEM32\USERENV.dll
0x00007ff9c66d0000 - 0x00007ff9c6750000 	C:\WINDOWS\System32\bcryptprimitives.dll
0x00007ff9c5ca0000 - 0x00007ff9c5cac000 	C:\WINDOWS\SYSTEM32\CRYPTBASE.dll
0x00007ff9c5750000 - 0x00007ff9c578b000 	C:\WINDOWS\SYSTEM32\IPHLPAPI.DLL
0x00007ff9c8a20000 - 0x00007ff9c8a28000 	C:\WINDOWS\System32\NSI.dll
0x00007ff9bdcb0000 - 0x00007ff9bdcc7000 	C:\WINDOWS\SYSTEM32\dhcpcsvc6.DLL
0x00007ff9bd9a0000 - 0x00007ff9bd9bd000 	C:\WINDOWS\SYSTEM32\dhcpcsvc.DLL
0x00007ff9c57a0000 - 0x00007ff9c586c000 	C:\WINDOWS\SYSTEM32\DNSAPI.dll
0x00007ff9be9c0000 - 0x00007ff9be9cb000 	C:\WINDOWS\SYSTEM32\WINNSI.DLL

VM Arguments:
jvm_args: -XX:MaxMetaspaceSize=256m -XX:+HeapDumpOnOutOfMemoryError -Xms256m -Xmx512m -Dfile.encoding=windows-1252 -Duser.country=US -Duser.language=en -Duser.variant 
java_command: org.gradle.launcher.daemon.bootstrap.GradleDaemon 6.7
java_class_path (initial): C:\Users\ASUS\.gradle\wrapper\dists\gradle-6.7-all\cuy9mc7upwgwgeb72wkcrupxe\gradle-6.7\lib\gradle-launcher-6.7.jar
Launcher Type: SUN_STANDARD

Environment Variables:
JAVA_HOME=C:\Program Files\OpenJDK\openjdk-8u275-b01
CLASSPATH=D:\ComicClient\Client\android\\gradle\wrapper\gradle-wrapper.jar
PATH=D:\ComicClient\Client\android\node_modules\.bin;D:\ComicClient\Client\node_modules\.bin;D:\ComicClient\node_modules\.bin;D:\node_modules\.bin;C:\Program Files\nodejs;C:\Users\ASUS\AppData\Local\Temp\yarn--1622177834978-0.45527106551720453;D:\ComicClient\Client\node_modules\.bin;C:\Users\ASUS\AppData\Local\Yarn\Data\link\node_modules\.bin;C:\Program Files\libexec\lib\node_modules\npm\bin\node-gyp-bin;C:\Program Files\lib\node_modules\npm\bin\node-gyp-bin;C:\Program Files\nodejs\node_modules\npm\bin\node-gyp-bin;C:\Program Files\Common Files\Oracle\Java\javapath;C:\Windows\system32;C:\Windows;C:\Windows\System32\Wbem;C:\Windows\System32\WindowsPowerShell\v1.0\;C:\Windows\System32\OpenSSH\;C:\Program Files\NVIDIA Corporation\NVIDIA NvDLISR;C:\ProgramData\chocolatey\bin;C:\Program Files\Git\cmd;C:\Program Files\nodejs\;C:\Program Files\OpenJDK\openjdk-8u275-b01\bin;C:\Program Files (x86)\Yarn\bin\;C:\Program Files (x86)\NVIDIA Corporation\PhysX\Common;C:\Program Files\dotnet\;C:\Program Files\MongoDB\Server\4.4\bin;C:\Program Files\Microsoft SQL Server\130\Tools\Binn\;C:\Program Files\Microsoft SQL Server\Client SDK\ODBC\170\Tools\Binn\;C:\Program Files (x86)\dotnet\;%SystemRoot%\system32;%SystemRoot%;%SystemRoot%\System32\Wbem;%SYSTEMROOT%\System32\WindowsPowerShell\v1.0\;%SYSTEMROOT%\System32\OpenSSH\;C:\Users\ASUS\AppData\Local\Microsoft\WindowsApps;C:\Users\ASUS\AppData\Local\Programs\Microsoft VS Code\bin;C:\Users\ASUS\AppData\Roaming\npm;C:\Users\ASUS\AppData\Local\Yarn\bin;C:\Users\ASUS\AppData\Local\Android\Sdk\platform-tools;C:\Users\ASUS\.dotnet\tools;C:\Program Files\MongoDB\Server\4.4\bin;
USERNAME=ASUS
OS=Windows_NT
PROCESSOR_IDENTIFIER=AMD64 Family 23 Model 24 Stepping 1, AuthenticAMD



---------------  S Y S T E M  ---------------

OS: Windows 10.0 , 64 bit Build 19041 (10.0.19041.928)

CPU:total 8 (initial active 8) (8 cores per cpu, 1 threads per core) family 23 model 24 stepping 1, cmov, cx8, fxsr, mmx, sse, sse2, sse3, ssse3, sse4.1, sse4.2, popcnt, avx, avx2, aes, clmul, mmxext, 3dnowpref, lzcnt, sse4a, tsc, tscinvbit, tscinv, bmi1

Memory: 4k page, physical 6226928k(275888k free), swap 25101296k(2100k free)

vm_info: OpenJDK 64-Bit Server VM (25.275-b01) for windows-amd64 JRE (1.8.0_275-b01), built on Nov  6 2020 13:43:37 by "build" with MS VC++ 10.0 (VS2010)

time: Fri May 28 11:58:14 2021
timezone: SE Asia Standard Time
elapsed time: 24.006820 seconds (0d 0h 0m 24s)

